# JRE version: OpenJDK Runtime Environment (8.0_131-b11) (build 1.8.0_131-8u131-b11-2ubuntu1.16.04.3-b11)
# Java VM: OpenJDK 64-Bit Server VM (25.131-b11 mixed mode linux-amd64 compressed oops)
Heap:
 PSYoungGen      total 53760K, used 14272K [0x0000000784600000, 0x0000000788200000, 0x00000007c0000000)
  eden space 46080K, 30% used [0x0000000784600000,0x00000007853f0350,0x0000000787300000)
  from space 7680K, 0% used [0x0000000787a80000,0x0000000787a80000,0x0000000788200000)
  to   space 7680K, 0% used [0x0000000787300000,0x0000000787300000,0x0000000787a80000)
 ParOldGen       total 64000K, used 9457K [0x000000070d200000, 0x0000000711080000, 0x0000000784600000)
  object space 64000K, 14% used [0x000000070d200000,0x000000070db3c568,0x0000000711080000)
 Metaspace       used 21644K, capacity 22488K, committed 22784K, reserved 1069056K
  class space    used 2792K, capacity 2993K, committed 3072K, reserved 1048576K
GC Heap History (6 events):
Event: 3,240 GC heap before
{Heap before GC invocations=1 (full 0):
 PSYoungGen      total 53760K, used 46080K [0x0000000784600000, 0x0000000788200000, 0x00000007c0000000)
  eden space 46080K, 100% used [0x0000000784600000,0x0000000787300000,0x0000000787300000)
  from space 7680K, 0% used [0x0000000787a80000,0x0000000787a80000,0x0000000788200000)
  to   space 7680K, 0% used [0x0000000787300000,0x0000000787300000,0x0000000787a80000)
 ParOldGen       total 122880K, used 0K [0x000000070d200000, 0x0000000714a00000, 0x0000000784600000)
  object space 122880K, 0% used [0x000000070d200000,0x000000070d200000,0x0000000714a00000)
 Metaspace       used 17146K, capacity 18004K, committed 18176K, reserved 1064960K
  class space    used 2292K, capacity 2495K, committed 2560K, reserved 1048576K
Event: 3,252 GC heap after
Heap after GC invocations=1 (full 0):
 PSYoungGen      total 53760K, used 7670K [0x0000000784600000, 0x0000000788200000, 0x00000007c0000000)
  eden space 46080K, 0% used [0x0000000784600000,0x0000000784600000,0x0000000787300000)
  from space 7680K, 99% used [0x0000000787300000,0x0000000787a7da28,0x0000000787a80000)
  to   space 7680K, 0% used [0x0000000787a80000,0x0000000787a80000,0x0000000788200000)
 ParOldGen       total 122880K, used 6765K [0x000000070d200000, 0x0000000714a00000, 0x0000000784600000)
  object space 122880K, 5% used [0x000000070d200000,0x000000070d89b418,0x0000000714a00000)
 Metaspace       used 17146K, capacity 18004K, committed 18176K, reserved 1064960K
  class space    used 2292K, capacity 2495K, committed 2560K, reserved 1048576K
}
Event: 15,511 GC heap before
{Heap before GC invocations=2 (full 0):
 PSYoungGen      total 53760K, used 29301K [0x0000000784600000, 0x0000000788200000, 0x00000007c0000000)
  eden space 46080K, 46% used [0x0000000784600000,0x0000000785b1fc40,0x0000000787300000)
  from space 7680K, 99% used [0x0000000787300000,0x0000000787a7da28,0x0000000787a80000)
  to   space 7680K, 0% used [0x0000000787a80000,0x0000000787a80000,0x0000000788200000)
 ParOldGen       total 122880K, used 6765K [0x000000070d200000, 0x0000000714a00000, 0x0000000784600000)
  object space 122880K, 5% used [0x000000070d200000,0x000000070d89b418,0x0000000714a00000)
 Metaspace       used 20299K, capacity 21210K, committed 21296K, reserved 1067008K
  class space    used 2673K, capacity 2890K, committed 2944K, reserved 1048576K
Event: 15,527 GC heap after
Heap after GC invocations=2 (full 0):
 PSYoungGen      total 53760K, used 7678K [0x0000000784600000, 0x0000000788200000, 0x00000007c0000000)
  eden space 46080K, 0% used [0x0000000784600000,0x0000000784600000,0x0000000787300000)
  from space 7680K, 99% used [0x0000000787a80000,0x00000007881ff9d8,0x0000000788200000)
  to   space 7680K, 0% used [0x0000000787300000,0x0000000787300000,0x0000000787a80000)
 ParOldGen       total 122880K, used 8579K [0x000000070d200000, 0x0000000714a00000, 0x0000000784600000)
  object space 122880K, 6% used [0x000000070d200000,0x000000070da60d38,0x0000000714a00000)
 Metaspace       used 20299K, capacity 21210K, committed 21296K, reserved 1067008K
  class space    used 2673K, capacity 2890K, committed 2944K, reserved 1048576K
}
Event: 15,527 GC heap before
{Heap before GC invocations=3 (full 1):
 PSYoungGen      total 53760K, used 7678K [0x0000000784600000, 0x0000000788200000, 0x00000007c0000000)
  eden space 46080K, 0% used [0x0000000784600000,0x0000000784600000,0x0000000787300000)
  from space 7680K, 99% used [0x0000000787a80000,0x00000007881ff9d8,0x0000000788200000)
  to   space 7680K, 0% used [0x0000000787300000,0x0000000787300000,0x0000000787a80000)
 ParOldGen       total 122880K, used 8579K [0x000000070d200000, 0x0000000714a00000, 0x0000000784600000)
  object space 122880K, 6% used [0x000000070d200000,0x000000070da60d38,0x0000000714a00000)
 Metaspace       used 20299K, capacity 21210K, committed 21296K, reserved 1067008K
  class space    used 2673K, capacity 2890K, committed 2944K, reserved 1048576K
Event: 15,565 GC heap after
Heap after GC invocations=3 (full 1):
 PSYoungGen      total 53760K, used 0K [0x0000000784600000, 0x0000000788200000, 0x00000007c0000000)
  eden space 46080K, 0% used [0x0000000784600000,0x0000000784600000,0x0000000787300000)
  from space 7680K, 0% used [0x0000000787a80000,0x0000000787a80000,0x0000000788200000)
  to   space 7680K, 0% used [0x0000000787300000,0x0000000787300000,0x0000000787a80000)
 ParOldGen       total 64000K, used 9457K [0x000000070d200000, 0x0000000711080000, 0x0000000784600000)
  object space 64000K, 14% used [0x000000070d200000,0x000000070db3c568,0x0000000711080000)
 Metaspace       used 20299K, capacity 21210K, committed 21296K, reserved 1067008K
  class space    used 2673K, capacity 2890K, committed 2944K, reserved 1048576K
}

