# JRE version: OpenJDK Runtime Environment (8.0_131-b11) (build 1.8.0_131-8u131-b11-2ubuntu1.16.04.3-b11)
# Java VM: OpenJDK 64-Bit Server VM (25.131-b11 mixed mode linux-amd64 compressed oops)
Heap:
 PSYoungGen      total 53760K, used 6482K [0x0000000784600000, 0x0000000788200000, 0x00000007c0000000)
  eden space 46080K, 14% used [0x0000000784600000,0x0000000784c548b8,0x0000000787300000)
  from space 7680K, 0% used [0x0000000787a80000,0x0000000787a80000,0x0000000788200000)
  to   space 7680K, 0% used [0x0000000787300000,0x0000000787300000,0x0000000787a80000)
 ParOldGen       total 64000K, used 9404K [0x000000070d200000, 0x0000000711080000, 0x0000000784600000)
  object space 64000K, 14% used [0x000000070d200000,0x000000070db2f3d0,0x0000000711080000)
 Metaspace       used 21340K, capacity 22272K, committed 22528K, reserved 1069056K
  class space    used 2787K, capacity 2987K, committed 3072K, reserved 1048576K
GC Heap History (6 events):
Event: 4,090 GC heap before
{Heap before GC invocations=1 (full 0):
 PSYoungGen      total 53760K, used 46080K [0x0000000784600000, 0x0000000788200000, 0x00000007c0000000)
  eden space 46080K, 100% used [0x0000000784600000,0x0000000787300000,0x0000000787300000)
  from space 7680K, 0% used [0x0000000787a80000,0x0000000787a80000,0x0000000788200000)
  to   space 7680K, 0% used [0x0000000787300000,0x0000000787300000,0x0000000787a80000)
 ParOldGen       total 122880K, used 0K [0x000000070d200000, 0x0000000714a00000, 0x0000000784600000)
  object space 122880K, 0% used [0x000000070d200000,0x000000070d200000,0x0000000714a00000)
 Metaspace       used 17167K, capacity 18004K, committed 18176K, reserved 1064960K
  class space    used 2291K, capacity 2495K, committed 2560K, reserved 1048576K
Event: 4,107 GC heap after
Heap after GC invocations=1 (full 0):
 PSYoungGen      total 53760K, used 7669K [0x0000000784600000, 0x0000000788200000, 0x00000007c0000000)
  eden space 46080K, 0% used [0x0000000784600000,0x0000000784600000,0x0000000787300000)
  from space 7680K, 99% used [0x0000000787300000,0x0000000787a7d6b8,0x0000000787a80000)
  to   space 7680K, 0% used [0x0000000787a80000,0x0000000787a80000,0x0000000788200000)
 ParOldGen       total 122880K, used 6777K [0x000000070d200000, 0x0000000714a00000, 0x0000000784600000)
  object space 122880K, 5% used [0x000000070d200000,0x000000070d89e7e0,0x0000000714a00000)
 Metaspace       used 17167K, capacity 18004K, committed 18176K, reserved 1064960K
  class space    used 2291K, capacity 2495K, committed 2560K, reserved 1048576K
}
Event: 16,420 GC heap before
{Heap before GC invocations=2 (full 0):
 PSYoungGen      total 53760K, used 29029K [0x0000000784600000, 0x0000000788200000, 0x00000007c0000000)
  eden space 46080K, 46% used [0x0000000784600000,0x0000000785adbde0,0x0000000787300000)
  from space 7680K, 99% used [0x0000000787300000,0x0000000787a7d6b8,0x0000000787a80000)
  to   space 7680K, 0% used [0x0000000787a80000,0x0000000787a80000,0x0000000788200000)
 ParOldGen       total 122880K, used 6777K [0x000000070d200000, 0x0000000714a00000, 0x0000000784600000)
  object space 122880K, 5% used [0x000000070d200000,0x000000070d89e7e0,0x0000000714a00000)
 Metaspace       used 20317K, capacity 21210K, committed 21296K, reserved 1067008K
  class space    used 2672K, capacity 2890K, committed 2944K, reserved 1048576K
Event: 16,430 GC heap after
Heap after GC invocations=2 (full 0):
 PSYoungGen      total 53760K, used 7666K [0x0000000784600000, 0x0000000788200000, 0x00000007c0000000)
  eden space 46080K, 0% used [0x0000000784600000,0x0000000784600000,0x0000000787300000)
  from space 7680K, 99% used [0x0000000787a80000,0x00000007881fcaf8,0x0000000788200000)
  to   space 7680K, 0% used [0x0000000787300000,0x0000000787300000,0x0000000787a80000)
 ParOldGen       total 122880K, used 8636K [0x000000070d200000, 0x0000000714a00000, 0x0000000784600000)
  object space 122880K, 7% used [0x000000070d200000,0x000000070da6f2d0,0x0000000714a00000)
 Metaspace       used 20317K, capacity 21210K, committed 21296K, reserved 1067008K
  class space    used 2672K, capacity 2890K, committed 2944K, reserved 1048576K
}
Event: 16,430 GC heap before
{Heap before GC invocations=3 (full 1):
 PSYoungGen      total 53760K, used 7666K [0x0000000784600000, 0x0000000788200000, 0x00000007c0000000)
  eden space 46080K, 0% used [0x0000000784600000,0x0000000784600000,0x0000000787300000)
  from space 7680K, 99% used [0x0000000787a80000,0x00000007881fcaf8,0x0000000788200000)
  to   space 7680K, 0% used [0x0000000787300000,0x0000000787300000,0x0000000787a80000)
 ParOldGen       total 122880K, used 8636K [0x000000070d200000, 0x0000000714a00000, 0x0000000784600000)
  object space 122880K, 7% used [0x000000070d200000,0x000000070da6f2d0,0x0000000714a00000)
 Metaspace       used 20317K, capacity 21210K, committed 21296K, reserved 1067008K
  class space    used 2672K, capacity 2890K, committed 2944K, reserved 1048576K
Event: 16,468 GC heap after
Heap after GC invocations=3 (full 1):
 PSYoungGen      total 53760K, used 0K [0x0000000784600000, 0x0000000788200000, 0x00000007c0000000)
  eden space 46080K, 0% used [0x0000000784600000,0x0000000784600000,0x0000000787300000)
  from space 7680K, 0% used [0x0000000787a80000,0x0000000787a80000,0x0000000788200000)
  to   space 7680K, 0% used [0x0000000787300000,0x0000000787300000,0x0000000787a80000)
 ParOldGen       total 64000K, used 9404K [0x000000070d200000, 0x0000000711080000, 0x0000000784600000)
  object space 64000K, 14% used [0x000000070d200000,0x000000070db2f3d0,0x0000000711080000)
 Metaspace       used 20317K, capacity 21210K, committed 21296K, reserved 1067008K
  class space    used 2672K, capacity 2890K, committed 2944K, reserved 1048576K
}

