# JRE version: OpenJDK Runtime Environment (8.0_131-b11) (build 1.8.0_131-8u131-b11-2ubuntu1.16.04.3-b11)
# Java VM: OpenJDK 64-Bit Server VM (25.131-b11 mixed mode linux-amd64 compressed oops)
Heap:
 PSYoungGen      total 53760K, used 19980K [0x0000000784600000, 0x0000000788200000, 0x00000007c0000000)
  eden space 46080K, 43% used [0x0000000784600000,0x0000000785983040,0x0000000787300000)
  from space 7680K, 0% used [0x0000000787a80000,0x0000000787a80000,0x0000000788200000)
  to   space 7680K, 0% used [0x0000000787300000,0x0000000787300000,0x0000000787a80000)
 ParOldGen       total 63488K, used 8645K [0x000000070d200000, 0x0000000711000000, 0x0000000784600000)
  object space 63488K, 13% used [0x000000070d200000,0x000000070da71758,0x0000000711000000)
 Metaspace       used 22821K, capacity 23874K, committed 24064K, reserved 1071104K
  class space    used 2985K, capacity 3220K, committed 3328K, reserved 1048576K
GC Heap History (6 events):
Event: 3,395 GC heap before
{Heap before GC invocations=1 (full 0):
 PSYoungGen      total 53760K, used 46080K [0x0000000784600000, 0x0000000788200000, 0x00000007c0000000)
  eden space 46080K, 100% used [0x0000000784600000,0x0000000787300000,0x0000000787300000)
  from space 7680K, 0% used [0x0000000787a80000,0x0000000787a80000,0x0000000788200000)
  to   space 7680K, 0% used [0x0000000787300000,0x0000000787300000,0x0000000787a80000)
 ParOldGen       total 122880K, used 0K [0x000000070d200000, 0x0000000714a00000, 0x0000000784600000)
  object space 122880K, 0% used [0x000000070d200000,0x000000070d200000,0x0000000714a00000)
 Metaspace       used 17062K, capacity 17906K, committed 18176K, reserved 1064960K
  class space    used 2273K, capacity 2455K, committed 2560K, reserved 1048576K
Event: 3,420 GC heap after
Heap after GC invocations=1 (full 0):
 PSYoungGen      total 53760K, used 7675K [0x0000000784600000, 0x0000000788200000, 0x00000007c0000000)
  eden space 46080K, 0% used [0x0000000784600000,0x0000000784600000,0x0000000787300000)
  from space 7680K, 99% used [0x0000000787300000,0x0000000787a7ee68,0x0000000787a80000)
  to   space 7680K, 0% used [0x0000000787a80000,0x0000000787a80000,0x0000000788200000)
 ParOldGen       total 122880K, used 6937K [0x000000070d200000, 0x0000000714a00000, 0x0000000784600000)
  object space 122880K, 5% used [0x000000070d200000,0x000000070d8c6760,0x0000000714a00000)
 Metaspace       used 17062K, capacity 17906K, committed 18176K, reserved 1064960K
  class space    used 2273K, capacity 2455K, committed 2560K, reserved 1048576K
}
Event: 26,664 GC heap before
{Heap before GC invocations=2 (full 0):
 PSYoungGen      total 53760K, used 23066K [0x0000000784600000, 0x0000000788200000, 0x00000007c0000000)
  eden space 46080K, 33% used [0x0000000784600000,0x0000000785507c80,0x0000000787300000)
  from space 7680K, 99% used [0x0000000787300000,0x0000000787a7ee68,0x0000000787a80000)
  to   space 7680K, 0% used [0x0000000787a80000,0x0000000787a80000,0x0000000788200000)
 ParOldGen       total 122880K, used 6937K [0x000000070d200000, 0x0000000714a00000, 0x0000000784600000)
  object space 122880K, 5% used [0x000000070d200000,0x000000070d8c6760,0x0000000714a00000)
 Metaspace       used 20169K, capacity 21188K, committed 21296K, reserved 1067008K
  class space    used 2662K, capacity 2889K, committed 2944K, reserved 1048576K
Event: 26,672 GC heap after
Heap after GC invocations=2 (full 0):
 PSYoungGen      total 53760K, used 7668K [0x0000000784600000, 0x0000000788200000, 0x00000007c0000000)
  eden space 46080K, 0% used [0x0000000784600000,0x0000000784600000,0x0000000787300000)
  from space 7680K, 99% used [0x0000000787a80000,0x00000007881fd088,0x0000000788200000)
  to   space 7680K, 0% used [0x0000000787300000,0x0000000787300000,0x0000000787a80000)
 ParOldGen       total 122880K, used 7941K [0x000000070d200000, 0x0000000714a00000, 0x0000000784600000)
  object space 122880K, 6% used [0x000000070d200000,0x000000070d9c1558,0x0000000714a00000)
 Metaspace       used 20169K, capacity 21188K, committed 21296K, reserved 1067008K
  class space    used 2662K, capacity 2889K, committed 2944K, reserved 1048576K
}
Event: 26,672 GC heap before
{Heap before GC invocations=3 (full 1):
 PSYoungGen      total 53760K, used 7668K [0x0000000784600000, 0x0000000788200000, 0x00000007c0000000)
  eden space 46080K, 0% used [0x0000000784600000,0x0000000784600000,0x0000000787300000)
  from space 7680K, 99% used [0x0000000787a80000,0x00000007881fd088,0x0000000788200000)
  to   space 7680K, 0% used [0x0000000787300000,0x0000000787300000,0x0000000787a80000)
 ParOldGen       total 122880K, used 7941K [0x000000070d200000, 0x0000000714a00000, 0x0000000784600000)
  object space 122880K, 6% used [0x000000070d200000,0x000000070d9c1558,0x0000000714a00000)
 Metaspace       used 20169K, capacity 21188K, committed 21296K, reserved 1067008K
  class space    used 2662K, capacity 2889K, committed 2944K, reserved 1048576K
Event: 26,707 GC heap after
Heap after GC invocations=3 (full 1):
 PSYoungGen      total 53760K, used 0K [0x0000000784600000, 0x0000000788200000, 0x00000007c0000000)
  eden space 46080K, 0% used [0x0000000784600000,0x0000000784600000,0x0000000787300000)
  from space 7680K, 0% used [0x0000000787a80000,0x0000000787a80000,0x0000000788200000)
  to   space 7680K, 0% used [0x0000000787300000,0x0000000787300000,0x0000000787a80000)
 ParOldGen       total 63488K, used 8645K [0x000000070d200000, 0x0000000711000000, 0x0000000784600000)
  object space 63488K, 13% used [0x000000070d200000,0x000000070da71758,0x0000000711000000)
 Metaspace       used 20169K, capacity 21188K, committed 21296K, reserved 1067008K
  class space    used 2662K, capacity 2889K, committed 2944K, reserved 1048576K
}

