# JRE version: OpenJDK Runtime Environment (8.0_131-b11) (build 1.8.0_131-8u131-b11-2ubuntu1.16.04.3-b11)
# Java VM: OpenJDK 64-Bit Server VM (25.131-b11 mixed mode linux-amd64 compressed oops)
Heap:
 PSYoungGen      total 53760K, used 6459K [0x0000000784600000, 0x0000000788200000, 0x00000007c0000000)
  eden space 46080K, 14% used [0x0000000784600000,0x0000000784c4efa0,0x0000000787300000)
  from space 7680K, 0% used [0x0000000787a80000,0x0000000787a80000,0x0000000788200000)
  to   space 7680K, 0% used [0x0000000787300000,0x0000000787300000,0x0000000787a80000)
 ParOldGen       total 63488K, used 9402K [0x000000070d200000, 0x0000000711000000, 0x0000000784600000)
  object space 63488K, 14% used [0x000000070d200000,0x000000070db2ead8,0x0000000711000000)
 Metaspace       used 21420K, capacity 22344K, committed 22528K, reserved 1069056K
  class space    used 2787K, capacity 2987K, committed 3072K, reserved 1048576K
GC Heap History (6 events):
Event: 3,370 GC heap before
{Heap before GC invocations=1 (full 0):
 PSYoungGen      total 53760K, used 46080K [0x0000000784600000, 0x0000000788200000, 0x00000007c0000000)
  eden space 46080K, 100% used [0x0000000784600000,0x0000000787300000,0x0000000787300000)
  from space 7680K, 0% used [0x0000000787a80000,0x0000000787a80000,0x0000000788200000)
  to   space 7680K, 0% used [0x0000000787300000,0x0000000787300000,0x0000000787a80000)
 ParOldGen       total 122880K, used 0K [0x000000070d200000, 0x0000000714a00000, 0x0000000784600000)
  object space 122880K, 0% used [0x000000070d200000,0x000000070d200000,0x0000000714a00000)
 Metaspace       used 17152K, capacity 18012K, committed 18176K, reserved 1064960K
  class space    used 2292K, capacity 2495K, committed 2560K, reserved 1048576K
Event: 3,388 GC heap after
Heap after GC invocations=1 (full 0):
 PSYoungGen      total 53760K, used 7673K [0x0000000784600000, 0x0000000788200000, 0x00000007c0000000)
  eden space 46080K, 0% used [0x0000000784600000,0x0000000784600000,0x0000000787300000)
  from space 7680K, 99% used [0x0000000787300000,0x0000000787a7e4f8,0x0000000787a80000)
  to   space 7680K, 0% used [0x0000000787a80000,0x0000000787a80000,0x0000000788200000)
 ParOldGen       total 122880K, used 6717K [0x000000070d200000, 0x0000000714a00000, 0x0000000784600000)
  object space 122880K, 5% used [0x000000070d200000,0x000000070d88f7f8,0x0000000714a00000)
 Metaspace       used 17152K, capacity 18012K, committed 18176K, reserved 1064960K
  class space    used 2292K, capacity 2495K, committed 2560K, reserved 1048576K
}
Event: 15,674 GC heap before
{Heap before GC invocations=2 (full 0):
 PSYoungGen      total 53760K, used 28704K [0x0000000784600000, 0x0000000788200000, 0x00000007c0000000)
  eden space 46080K, 45% used [0x0000000784600000,0x0000000785a89be0,0x0000000787300000)
  from space 7680K, 99% used [0x0000000787300000,0x0000000787a7e4f8,0x0000000787a80000)
  to   space 7680K, 0% used [0x0000000787a80000,0x0000000787a80000,0x0000000788200000)
 ParOldGen       total 122880K, used 6717K [0x000000070d200000, 0x0000000714a00000, 0x0000000784600000)
  object space 122880K, 5% used [0x000000070d200000,0x000000070d88f7f8,0x0000000714a00000)
 Metaspace       used 20300K, capacity 21218K, committed 21296K, reserved 1067008K
  class space    used 2672K, capacity 2890K, committed 2944K, reserved 1048576K
Event: 15,682 GC heap after
Heap after GC invocations=2 (full 0):
 PSYoungGen      total 53760K, used 7650K [0x0000000784600000, 0x0000000788200000, 0x00000007c0000000)
  eden space 46080K, 0% used [0x0000000784600000,0x0000000784600000,0x0000000787300000)
  from space 7680K, 99% used [0x0000000787a80000,0x00000007881f8b08,0x0000000788200000)
  to   space 7680K, 0% used [0x0000000787300000,0x0000000787300000,0x0000000787a80000)
 ParOldGen       total 122880K, used 8538K [0x000000070d200000, 0x0000000714a00000, 0x0000000784600000)
  object space 122880K, 6% used [0x000000070d200000,0x000000070da56be0,0x0000000714a00000)
 Metaspace       used 20300K, capacity 21218K, committed 21296K, reserved 1067008K
  class space    used 2672K, capacity 2890K, committed 2944K, reserved 1048576K
}
Event: 15,682 GC heap before
{Heap before GC invocations=3 (full 1):
 PSYoungGen      total 53760K, used 7650K [0x0000000784600000, 0x0000000788200000, 0x00000007c0000000)
  eden space 46080K, 0% used [0x0000000784600000,0x0000000784600000,0x0000000787300000)
  from space 7680K, 99% used [0x0000000787a80000,0x00000007881f8b08,0x0000000788200000)
  to   space 7680K, 0% used [0x0000000787300000,0x0000000787300000,0x0000000787a80000)
 ParOldGen       total 122880K, used 8538K [0x000000070d200000, 0x0000000714a00000, 0x0000000784600000)
  object space 122880K, 6% used [0x000000070d200000,0x000000070da56be0,0x0000000714a00000)
 Metaspace       used 20300K, capacity 21218K, committed 21296K, reserved 1067008K
  class space    used 2672K, capacity 2890K, committed 2944K, reserved 1048576K
Event: 15,728 GC heap after
Heap after GC invocations=3 (full 1):
 PSYoungGen      total 53760K, used 0K [0x0000000784600000, 0x0000000788200000, 0x00000007c0000000)
  eden space 46080K, 0% used [0x0000000784600000,0x0000000784600000,0x0000000787300000)
  from space 7680K, 0% used [0x0000000787a80000,0x0000000787a80000,0x0000000788200000)
  to   space 7680K, 0% used [0x0000000787300000,0x0000000787300000,0x0000000787a80000)
 ParOldGen       total 63488K, used 9402K [0x000000070d200000, 0x0000000711000000, 0x0000000784600000)
  object space 63488K, 14% used [0x000000070d200000,0x000000070db2ead8,0x0000000711000000)
 Metaspace       used 20300K, capacity 21218K, committed 21296K, reserved 1067008K
  class space    used 2672K, capacity 2890K, committed 2944K, reserved 1048576K
}

