# JRE version: OpenJDK Runtime Environment (8.0_131-b11) (build 1.8.0_131-8u131-b11-2ubuntu1.16.04.3-b11)
# Java VM: OpenJDK 64-Bit Server VM (25.131-b11 mixed mode linux-amd64 compressed oops)
Heap:
 PSYoungGen      total 53760K, used 14637K [0x0000000784600000, 0x0000000788200000, 0x00000007c0000000)
  eden space 46080K, 31% used [0x0000000784600000,0x000000078544b498,0x0000000787300000)
  from space 7680K, 0% used [0x0000000787a80000,0x0000000787a80000,0x0000000788200000)
  to   space 7680K, 0% used [0x0000000787300000,0x0000000787300000,0x0000000787a80000)
 ParOldGen       total 64000K, used 9464K [0x000000070d200000, 0x0000000711080000, 0x0000000784600000)
  object space 64000K, 14% used [0x000000070d200000,0x000000070db3e238,0x0000000711080000)
 Metaspace       used 22685K, capacity 23746K, committed 23936K, reserved 1071104K
  class space    used 2976K, capacity 3180K, committed 3200K, reserved 1048576K
GC Heap History (6 events):
Event: 2,985 GC heap before
{Heap before GC invocations=1 (full 0):
 PSYoungGen      total 53760K, used 46080K [0x0000000784600000, 0x0000000788200000, 0x00000007c0000000)
  eden space 46080K, 100% used [0x0000000784600000,0x0000000787300000,0x0000000787300000)
  from space 7680K, 0% used [0x0000000787a80000,0x0000000787a80000,0x0000000788200000)
  to   space 7680K, 0% used [0x0000000787300000,0x0000000787300000,0x0000000787a80000)
 ParOldGen       total 122880K, used 0K [0x000000070d200000, 0x0000000714a00000, 0x0000000784600000)
  object space 122880K, 0% used [0x000000070d200000,0x000000070d200000,0x0000000714a00000)
 Metaspace       used 17232K, capacity 18072K, committed 18176K, reserved 1064960K
  class space    used 2314K, capacity 2494K, committed 2560K, reserved 1048576K
Event: 3,001 GC heap after
Heap after GC invocations=1 (full 0):
 PSYoungGen      total 53760K, used 7659K [0x0000000784600000, 0x0000000788200000, 0x00000007c0000000)
  eden space 46080K, 0% used [0x0000000784600000,0x0000000784600000,0x0000000787300000)
  from space 7680K, 99% used [0x0000000787300000,0x0000000787a7ac78,0x0000000787a80000)
  to   space 7680K, 0% used [0x0000000787a80000,0x0000000787a80000,0x0000000788200000)
 ParOldGen       total 122880K, used 7163K [0x000000070d200000, 0x0000000714a00000, 0x0000000784600000)
  object space 122880K, 5% used [0x000000070d200000,0x000000070d8fefc0,0x0000000714a00000)
 Metaspace       used 17232K, capacity 18072K, committed 18176K, reserved 1064960K
  class space    used 2314K, capacity 2494K, committed 2560K, reserved 1048576K
}
Event: 16,740 GC heap before
{Heap before GC invocations=2 (full 0):
 PSYoungGen      total 53760K, used 26694K [0x0000000784600000, 0x0000000788200000, 0x00000007c0000000)
  eden space 46080K, 41% used [0x0000000784600000,0x0000000785896dc0,0x0000000787300000)
  from space 7680K, 99% used [0x0000000787300000,0x0000000787a7ac78,0x0000000787a80000)
  to   space 7680K, 0% used [0x0000000787a80000,0x0000000787a80000,0x0000000788200000)
 ParOldGen       total 122880K, used 7163K [0x000000070d200000, 0x0000000714a00000, 0x0000000784600000)
  object space 122880K, 5% used [0x000000070d200000,0x000000070d8fefc0,0x0000000714a00000)
 Metaspace       used 20276K, capacity 21144K, committed 21296K, reserved 1067008K
  class space    used 2665K, capacity 2863K, committed 2944K, reserved 1048576K
Event: 16,749 GC heap after
Heap after GC invocations=2 (full 0):
 PSYoungGen      total 53760K, used 7668K [0x0000000784600000, 0x0000000788200000, 0x00000007c0000000)
  eden space 46080K, 0% used [0x0000000784600000,0x0000000784600000,0x0000000787300000)
  from space 7680K, 99% used [0x0000000787a80000,0x00000007881fd088,0x0000000788200000)
  to   space 7680K, 0% used [0x0000000787300000,0x0000000787300000,0x0000000787a80000)
 ParOldGen       total 122880K, used 9162K [0x000000070d200000, 0x0000000714a00000, 0x0000000784600000)
  object space 122880K, 7% used [0x000000070d200000,0x000000070daf2980,0x0000000714a00000)
 Metaspace       used 20276K, capacity 21144K, committed 21296K, reserved 1067008K
  class space    used 2665K, capacity 2863K, committed 2944K, reserved 1048576K
}
Event: 16,749 GC heap before
{Heap before GC invocations=3 (full 1):
 PSYoungGen      total 53760K, used 7668K [0x0000000784600000, 0x0000000788200000, 0x00000007c0000000)
  eden space 46080K, 0% used [0x0000000784600000,0x0000000784600000,0x0000000787300000)
  from space 7680K, 99% used [0x0000000787a80000,0x00000007881fd088,0x0000000788200000)
  to   space 7680K, 0% used [0x0000000787300000,0x0000000787300000,0x0000000787a80000)
 ParOldGen       total 122880K, used 9162K [0x000000070d200000, 0x0000000714a00000, 0x0000000784600000)
  object space 122880K, 7% used [0x000000070d200000,0x000000070daf2980,0x0000000714a00000)
 Metaspace       used 20276K, capacity 21144K, committed 21296K, reserved 1067008K
  class space    used 2665K, capacity 2863K, committed 2944K, reserved 1048576K
Event: 16,802 GC heap after
Heap after GC invocations=3 (full 1):
 PSYoungGen      total 53760K, used 0K [0x0000000784600000, 0x0000000788200000, 0x00000007c0000000)
  eden space 46080K, 0% used [0x0000000784600000,0x0000000784600000,0x0000000787300000)
  from space 7680K, 0% used [0x0000000787a80000,0x0000000787a80000,0x0000000788200000)
  to   space 7680K, 0% used [0x0000000787300000,0x0000000787300000,0x0000000787a80000)
 ParOldGen       total 64000K, used 9464K [0x000000070d200000, 0x0000000711080000, 0x0000000784600000)
  object space 64000K, 14% used [0x000000070d200000,0x000000070db3e238,0x0000000711080000)
 Metaspace       used 20276K, capacity 21144K, committed 21296K, reserved 1067008K
  class space    used 2665K, capacity 2863K, committed 2944K, reserved 1048576K
}

