# JRE version: OpenJDK Runtime Environment (8.0_131-b11) (build 1.8.0_131-8u131-b11-2ubuntu1.16.04.3-b11)
# Java VM: OpenJDK 64-Bit Server VM (25.131-b11 mixed mode linux-amd64 compressed oops)
Heap:
 PSYoungGen      total 53760K, used 12507K [0x0000000784600000, 0x0000000788200000, 0x00000007c0000000)
  eden space 46080K, 27% used [0x0000000784600000,0x0000000785236e20,0x0000000787300000)
  from space 7680K, 0% used [0x0000000787a80000,0x0000000787a80000,0x0000000788200000)
  to   space 7680K, 0% used [0x0000000787300000,0x0000000787300000,0x0000000787a80000)
 ParOldGen       total 64512K, used 9510K [0x000000070d200000, 0x0000000711100000, 0x0000000784600000)
  object space 64512K, 14% used [0x000000070d200000,0x000000070db49a38,0x0000000711100000)
 Metaspace       used 22343K, capacity 23318K, committed 23680K, reserved 1069056K
  class space    used 2907K, capacity 3132K, committed 3200K, reserved 1048576K
GC Heap History (6 events):
Event: 2,450 GC heap before
{Heap before GC invocations=1 (full 0):
 PSYoungGen      total 53760K, used 46080K [0x0000000784600000, 0x0000000788200000, 0x00000007c0000000)
  eden space 46080K, 100% used [0x0000000784600000,0x0000000787300000,0x0000000787300000)
  from space 7680K, 0% used [0x0000000787a80000,0x0000000787a80000,0x0000000788200000)
  to   space 7680K, 0% used [0x0000000787300000,0x0000000787300000,0x0000000787a80000)
 ParOldGen       total 122880K, used 0K [0x000000070d200000, 0x0000000714a00000, 0x0000000784600000)
  object space 122880K, 0% used [0x000000070d200000,0x000000070d200000,0x0000000714a00000)
 Metaspace       used 17223K, capacity 18102K, committed 18176K, reserved 1064960K
  class space    used 2308K, capacity 2501K, committed 2560K, reserved 1048576K
Event: 2,460 GC heap after
Heap after GC invocations=1 (full 0):
 PSYoungGen      total 53760K, used 7659K [0x0000000784600000, 0x0000000788200000, 0x00000007c0000000)
  eden space 46080K, 0% used [0x0000000784600000,0x0000000784600000,0x0000000787300000)
  from space 7680K, 99% used [0x0000000787300000,0x0000000787a7ac98,0x0000000787a80000)
  to   space 7680K, 0% used [0x0000000787a80000,0x0000000787a80000,0x0000000788200000)
 ParOldGen       total 122880K, used 7108K [0x000000070d200000, 0x0000000714a00000, 0x0000000784600000)
  object space 122880K, 5% used [0x000000070d200000,0x000000070d8f11a8,0x0000000714a00000)
 Metaspace       used 17223K, capacity 18102K, committed 18176K, reserved 1064960K
  class space    used 2308K, capacity 2501K, committed 2560K, reserved 1048576K
}
Event: 15,543 GC heap before
{Heap before GC invocations=2 (full 0):
 PSYoungGen      total 53760K, used 26594K [0x0000000784600000, 0x0000000788200000, 0x00000007c0000000)
  eden space 46080K, 41% used [0x0000000784600000,0x000000078587dce8,0x0000000787300000)
  from space 7680K, 99% used [0x0000000787300000,0x0000000787a7ac98,0x0000000787a80000)
  to   space 7680K, 0% used [0x0000000787a80000,0x0000000787a80000,0x0000000788200000)
 ParOldGen       total 122880K, used 7108K [0x000000070d200000, 0x0000000714a00000, 0x0000000784600000)
  object space 122880K, 5% used [0x000000070d200000,0x000000070d8f11a8,0x0000000714a00000)
 Metaspace       used 20298K, capacity 21188K, committed 21296K, reserved 1067008K
  class space    used 2671K, capacity 2873K, committed 2944K, reserved 1048576K
Event: 15,550 GC heap after
Heap after GC invocations=2 (full 0):
 PSYoungGen      total 53760K, used 7654K [0x0000000784600000, 0x0000000788200000, 0x00000007c0000000)
  eden space 46080K, 0% used [0x0000000784600000,0x0000000784600000,0x0000000787300000)
  from space 7680K, 99% used [0x0000000787a80000,0x00000007881f9ae8,0x0000000788200000)
  to   space 7680K, 0% used [0x0000000787300000,0x0000000787300000,0x0000000787a80000)
 ParOldGen       total 122880K, used 9012K [0x000000070d200000, 0x0000000714a00000, 0x0000000784600000)
  object space 122880K, 7% used [0x000000070d200000,0x000000070dacd2c0,0x0000000714a00000)
 Metaspace       used 20298K, capacity 21188K, committed 21296K, reserved 1067008K
  class space    used 2671K, capacity 2873K, committed 2944K, reserved 1048576K
}
Event: 15,550 GC heap before
{Heap before GC invocations=3 (full 1):
 PSYoungGen      total 53760K, used 7654K [0x0000000784600000, 0x0000000788200000, 0x00000007c0000000)
  eden space 46080K, 0% used [0x0000000784600000,0x0000000784600000,0x0000000787300000)
  from space 7680K, 99% used [0x0000000787a80000,0x00000007881f9ae8,0x0000000788200000)
  to   space 7680K, 0% used [0x0000000787300000,0x0000000787300000,0x0000000787a80000)
 ParOldGen       total 122880K, used 9012K [0x000000070d200000, 0x0000000714a00000, 0x0000000784600000)
  object space 122880K, 7% used [0x000000070d200000,0x000000070dacd2c0,0x0000000714a00000)
 Metaspace       used 20298K, capacity 21188K, committed 21296K, reserved 1067008K
  class space    used 2671K, capacity 2873K, committed 2944K, reserved 1048576K
Event: 15,590 GC heap after
Heap after GC invocations=3 (full 1):
 PSYoungGen      total 53760K, used 0K [0x0000000784600000, 0x0000000788200000, 0x00000007c0000000)
  eden space 46080K, 0% used [0x0000000784600000,0x0000000784600000,0x0000000787300000)
  from space 7680K, 0% used [0x0000000787a80000,0x0000000787a80000,0x0000000788200000)
  to   space 7680K, 0% used [0x0000000787300000,0x0000000787300000,0x0000000787a80000)
 ParOldGen       total 64512K, used 9510K [0x000000070d200000, 0x0000000711100000, 0x0000000784600000)
  object space 64512K, 14% used [0x000000070d200000,0x000000070db49a38,0x0000000711100000)
 Metaspace       used 20298K, capacity 21188K, committed 21296K, reserved 1067008K
  class space    used 2671K, capacity 2873K, committed 2944K, reserved 1048576K
}

