# JRE version: OpenJDK Runtime Environment (8.0_131-b11) (build 1.8.0_131-8u131-b11-2ubuntu1.16.04.3-b11)
# Java VM: OpenJDK 64-Bit Server VM (25.131-b11 mixed mode linux-amd64 compressed oops)
Heap:
 PSYoungGen      total 53760K, used 10312K [0x0000000784600000, 0x0000000788200000, 0x00000007c0000000)
  eden space 46080K, 22% used [0x0000000784600000,0x00000007850120f8,0x0000000787300000)
  from space 7680K, 0% used [0x0000000787a80000,0x0000000787a80000,0x0000000788200000)
  to   space 7680K, 0% used [0x0000000787300000,0x0000000787300000,0x0000000787a80000)
 ParOldGen       total 63488K, used 9397K [0x000000070d200000, 0x0000000711000000, 0x0000000784600000)
  object space 63488K, 14% used [0x000000070d200000,0x000000070db2d558,0x0000000711000000)
 Metaspace       used 22342K, capacity 23376K, committed 23552K, reserved 1069056K
  class space    used 3006K, capacity 3229K, committed 3328K, reserved 1048576K
GC Heap History (6 events):
Event: 3,308 GC heap before
{Heap before GC invocations=1 (full 0):
 PSYoungGen      total 53760K, used 46080K [0x0000000784600000, 0x0000000788200000, 0x00000007c0000000)
  eden space 46080K, 100% used [0x0000000784600000,0x0000000787300000,0x0000000787300000)
  from space 7680K, 0% used [0x0000000787a80000,0x0000000787a80000,0x0000000788200000)
  to   space 7680K, 0% used [0x0000000787300000,0x0000000787300000,0x0000000787a80000)
 ParOldGen       total 122880K, used 0K [0x000000070d200000, 0x0000000714a00000, 0x0000000784600000)
  object space 122880K, 0% used [0x000000070d200000,0x000000070d200000,0x0000000714a00000)
 Metaspace       used 17154K, capacity 18012K, committed 18176K, reserved 1064960K
  class space    used 2292K, capacity 2495K, committed 2560K, reserved 1048576K
Event: 3,321 GC heap after
Heap after GC invocations=1 (full 0):
 PSYoungGen      total 53760K, used 7654K [0x0000000784600000, 0x0000000788200000, 0x00000007c0000000)
  eden space 46080K, 0% used [0x0000000784600000,0x0000000784600000,0x0000000787300000)
  from space 7680K, 99% used [0x0000000787300000,0x0000000787a79a58,0x0000000787a80000)
  to   space 7680K, 0% used [0x0000000787a80000,0x0000000787a80000,0x0000000788200000)
 ParOldGen       total 122880K, used 6713K [0x000000070d200000, 0x0000000714a00000, 0x0000000784600000)
  object space 122880K, 5% used [0x000000070d200000,0x000000070d88e708,0x0000000714a00000)
 Metaspace       used 17154K, capacity 18012K, committed 18176K, reserved 1064960K
  class space    used 2292K, capacity 2495K, committed 2560K, reserved 1048576K
}
Event: 15,628 GC heap before
{Heap before GC invocations=2 (full 0):
 PSYoungGen      total 53760K, used 29009K [0x0000000784600000, 0x0000000788200000, 0x00000007c0000000)
  eden space 46080K, 46% used [0x0000000784600000,0x0000000785adaa88,0x0000000787300000)
  from space 7680K, 99% used [0x0000000787300000,0x0000000787a79a58,0x0000000787a80000)
  to   space 7680K, 0% used [0x0000000787a80000,0x0000000787a80000,0x0000000788200000)
 ParOldGen       total 122880K, used 6713K [0x000000070d200000, 0x0000000714a00000, 0x0000000784600000)
  object space 122880K, 5% used [0x000000070d200000,0x000000070d88e708,0x0000000714a00000)
 Metaspace       used 20306K, capacity 21218K, committed 21296K, reserved 1067008K
  class space    used 2675K, capacity 2890K, committed 2944K, reserved 1048576K
Event: 15,636 GC heap after
Heap after GC invocations=2 (full 0):
 PSYoungGen      total 53760K, used 7650K [0x0000000784600000, 0x0000000788200000, 0x00000007c0000000)
  eden space 46080K, 0% used [0x0000000784600000,0x0000000784600000,0x0000000787300000)
  from space 7680K, 99% used [0x0000000787a80000,0x00000007881f8ae8,0x0000000788200000)
  to   space 7680K, 0% used [0x0000000787300000,0x0000000787300000,0x0000000787a80000)
 ParOldGen       total 122880K, used 8500K [0x000000070d200000, 0x0000000714a00000, 0x0000000784600000)
  object space 122880K, 6% used [0x000000070d200000,0x000000070da4d210,0x0000000714a00000)
 Metaspace       used 20306K, capacity 21218K, committed 21296K, reserved 1067008K
  class space    used 2675K, capacity 2890K, committed 2944K, reserved 1048576K
}
Event: 15,636 GC heap before
{Heap before GC invocations=3 (full 1):
 PSYoungGen      total 53760K, used 7650K [0x0000000784600000, 0x0000000788200000, 0x00000007c0000000)
  eden space 46080K, 0% used [0x0000000784600000,0x0000000784600000,0x0000000787300000)
  from space 7680K, 99% used [0x0000000787a80000,0x00000007881f8ae8,0x0000000788200000)
  to   space 7680K, 0% used [0x0000000787300000,0x0000000787300000,0x0000000787a80000)
 ParOldGen       total 122880K, used 8500K [0x000000070d200000, 0x0000000714a00000, 0x0000000784600000)
  object space 122880K, 6% used [0x000000070d200000,0x000000070da4d210,0x0000000714a00000)
 Metaspace       used 20306K, capacity 21218K, committed 21296K, reserved 1067008K
  class space    used 2675K, capacity 2890K, committed 2944K, reserved 1048576K
Event: 15,682 GC heap after
Heap after GC invocations=3 (full 1):
 PSYoungGen      total 53760K, used 0K [0x0000000784600000, 0x0000000788200000, 0x00000007c0000000)
  eden space 46080K, 0% used [0x0000000784600000,0x0000000784600000,0x0000000787300000)
  from space 7680K, 0% used [0x0000000787a80000,0x0000000787a80000,0x0000000788200000)
  to   space 7680K, 0% used [0x0000000787300000,0x0000000787300000,0x0000000787a80000)
 ParOldGen       total 63488K, used 9397K [0x000000070d200000, 0x0000000711000000, 0x0000000784600000)
  object space 63488K, 14% used [0x000000070d200000,0x000000070db2d558,0x0000000711000000)
 Metaspace       used 20306K, capacity 21218K, committed 21296K, reserved 1067008K
  class space    used 2675K, capacity 2890K, committed 2944K, reserved 1048576K
}

