# JRE version: OpenJDK Runtime Environment (8.0_131-b11) (build 1.8.0_131-8u131-b11-2ubuntu1.16.04.3-b11)
# Java VM: OpenJDK 64-Bit Server VM (25.131-b11 mixed mode linux-amd64 compressed oops)
Heap:
 PSYoungGen      total 53760K, used 8781K [0x0000000784600000, 0x0000000788200000, 0x00000007c0000000)
  eden space 46080K, 19% used [0x0000000784600000,0x0000000784e936a0,0x0000000787300000)
  from space 7680K, 0% used [0x0000000787a80000,0x0000000787a80000,0x0000000788200000)
  to   space 7680K, 0% used [0x0000000787300000,0x0000000787300000,0x0000000787a80000)
 ParOldGen       total 63488K, used 9402K [0x000000070d200000, 0x0000000711000000, 0x0000000784600000)
  object space 63488K, 14% used [0x000000070d200000,0x000000070db2ebb0,0x0000000711000000)
 Metaspace       used 21973K, capacity 22936K, committed 23040K, reserved 1069056K
  class space    used 2862K, capacity 3055K, committed 3072K, reserved 1048576K
GC Heap History (6 events):
Event: 3,318 GC heap before
{Heap before GC invocations=1 (full 0):
 PSYoungGen      total 53760K, used 46080K [0x0000000784600000, 0x0000000788200000, 0x00000007c0000000)
  eden space 46080K, 100% used [0x0000000784600000,0x0000000787300000,0x0000000787300000)
  from space 7680K, 0% used [0x0000000787a80000,0x0000000787a80000,0x0000000788200000)
  to   space 7680K, 0% used [0x0000000787300000,0x0000000787300000,0x0000000787a80000)
 ParOldGen       total 122880K, used 0K [0x000000070d200000, 0x0000000714a00000, 0x0000000784600000)
  object space 122880K, 0% used [0x000000070d200000,0x000000070d200000,0x0000000714a00000)
 Metaspace       used 17165K, capacity 18008K, committed 18176K, reserved 1064960K
  class space    used 2292K, capacity 2495K, committed 2560K, reserved 1048576K
Event: 3,330 GC heap after
Heap after GC invocations=1 (full 0):
 PSYoungGen      total 53760K, used 7654K [0x0000000784600000, 0x0000000788200000, 0x00000007c0000000)
  eden space 46080K, 0% used [0x0000000784600000,0x0000000784600000,0x0000000787300000)
  from space 7680K, 99% used [0x0000000787300000,0x0000000787a79a78,0x0000000787a80000)
  to   space 7680K, 0% used [0x0000000787a80000,0x0000000787a80000,0x0000000788200000)
 ParOldGen       total 122880K, used 6717K [0x000000070d200000, 0x0000000714a00000, 0x0000000784600000)
  object space 122880K, 5% used [0x000000070d200000,0x000000070d88f490,0x0000000714a00000)
 Metaspace       used 17165K, capacity 18008K, committed 18176K, reserved 1064960K
  class space    used 2292K, capacity 2495K, committed 2560K, reserved 1048576K
}
Event: 15,618 GC heap before
{Heap before GC invocations=2 (full 0):
 PSYoungGen      total 53760K, used 29009K [0x0000000784600000, 0x0000000788200000, 0x00000007c0000000)
  eden space 46080K, 46% used [0x0000000784600000,0x0000000785adac70,0x0000000787300000)
  from space 7680K, 99% used [0x0000000787300000,0x0000000787a79a78,0x0000000787a80000)
  to   space 7680K, 0% used [0x0000000787a80000,0x0000000787a80000,0x0000000788200000)
 ParOldGen       total 122880K, used 6717K [0x000000070d200000, 0x0000000714a00000, 0x0000000784600000)
  object space 122880K, 5% used [0x000000070d200000,0x000000070d88f490,0x0000000714a00000)
 Metaspace       used 20319K, capacity 21214K, committed 21296K, reserved 1067008K
  class space    used 2675K, capacity 2890K, committed 2944K, reserved 1048576K
Event: 15,627 GC heap after
Heap after GC invocations=2 (full 0):
 PSYoungGen      total 53760K, used 7648K [0x0000000784600000, 0x0000000788200000, 0x00000007c0000000)
  eden space 46080K, 0% used [0x0000000784600000,0x0000000784600000,0x0000000787300000)
  from space 7680K, 99% used [0x0000000787a80000,0x00000007881f8078,0x0000000788200000)
  to   space 7680K, 0% used [0x0000000787300000,0x0000000787300000,0x0000000787a80000)
 ParOldGen       total 122880K, used 8490K [0x000000070d200000, 0x0000000714a00000, 0x0000000784600000)
  object space 122880K, 6% used [0x000000070d200000,0x000000070da4abb8,0x0000000714a00000)
 Metaspace       used 20319K, capacity 21214K, committed 21296K, reserved 1067008K
  class space    used 2675K, capacity 2890K, committed 2944K, reserved 1048576K
}
Event: 15,627 GC heap before
{Heap before GC invocations=3 (full 1):
 PSYoungGen      total 53760K, used 7648K [0x0000000784600000, 0x0000000788200000, 0x00000007c0000000)
  eden space 46080K, 0% used [0x0000000784600000,0x0000000784600000,0x0000000787300000)
  from space 7680K, 99% used [0x0000000787a80000,0x00000007881f8078,0x0000000788200000)
  to   space 7680K, 0% used [0x0000000787300000,0x0000000787300000,0x0000000787a80000)
 ParOldGen       total 122880K, used 8490K [0x000000070d200000, 0x0000000714a00000, 0x0000000784600000)
  object space 122880K, 6% used [0x000000070d200000,0x000000070da4abb8,0x0000000714a00000)
 Metaspace       used 20319K, capacity 21214K, committed 21296K, reserved 1067008K
  class space    used 2675K, capacity 2890K, committed 2944K, reserved 1048576K
Event: 15,663 GC heap after
Heap after GC invocations=3 (full 1):
 PSYoungGen      total 53760K, used 0K [0x0000000784600000, 0x0000000788200000, 0x00000007c0000000)
  eden space 46080K, 0% used [0x0000000784600000,0x0000000784600000,0x0000000787300000)
  from space 7680K, 0% used [0x0000000787a80000,0x0000000787a80000,0x0000000788200000)
  to   space 7680K, 0% used [0x0000000787300000,0x0000000787300000,0x0000000787a80000)
 ParOldGen       total 63488K, used 9402K [0x000000070d200000, 0x0000000711000000, 0x0000000784600000)
  object space 63488K, 14% used [0x000000070d200000,0x000000070db2ebb0,0x0000000711000000)
 Metaspace       used 20319K, capacity 21214K, committed 21296K, reserved 1067008K
  class space    used 2675K, capacity 2890K, committed 2944K, reserved 1048576K
}

